<?xml version="1.0" encoding="UTF-8"?>
<testng-results skipped="0" failed="0" ignored="0" total="1" passed="1">
  <reporter-output>
  </reporter-output>
  <suite name="MyTesting " duration-ms="10150" started-at="2020-05-22T13:26:53 IST" finished-at="2020-05-22T13:27:03 IST">
    <groups>
    </groups>
    <test name="TestNew" duration-ms="10150" started-at="2020-05-22T13:26:53 IST" finished-at="2020-05-22T13:27:03 IST">
      <class name="Test1.TestGoogle">
        <test-method status="PASS" signature="Tester()[pri:0, instance:Test1.TestGoogle@56235b8e]" name="Tester" duration-ms="10093" started-at="2020-05-22T13:26:53 IST" finished-at="2020-05-22T13:27:03 IST">
          <reporter-output>
          </reporter-output>
        </test-method> <!-- Tester -->
      </class> <!-- Test1.TestGoogle -->
    </test> <!-- TestNew -->
  </suite> <!-- MyTesting  -->
</testng-results>
